<?xml version="1.0" encoding="UTF-8"?>
<!-- Generated by org.testng.reporters.JUnitReportReporter -->
<testsuite hostname="LAPTOP-DGPGCKC7" failures="0" tests="3" name="com.orangHRM.qa.testCases.HomePageTest" time="10.981" errors="0" timestamp="2022-08-11T22:27:07 IST" skipped="0">
  <testcase classname="com.orangHRM.qa.testCases.HomePageTest" name="loginPageTest" time="10.730"/>
  <testcase classname="com.orangHRM.qa.testCases.HomePageTest" name="verifyHomeLogo" time="0.075"/>
  <testcase classname="com.orangHRM.qa.testCases.HomePageTest" name="verifyHeaderMenu" time="0.176"/>
</testsuite> <!-- com.orangHRM.qa.testCases.HomePageTest -->
