<?xml version="1.0" encoding="UTF-8"?>
<!-- Generated by org.testng.reporters.JUnitReportReporter -->
<testsuite hostname="LAPTOP-DGPGCKC7" failures="0" tests="10" name="com.orangHRM.qa.testCases.LeaveTest" time="38.844" errors="0" timestamp="2022-07-17T18:17:20 IST" skipped="0">
  <testcase classname="com.orangHRM.qa.testCases.LeaveTest" name="loginPageTest" time="7.249"/>
  <testcase classname="com.orangHRM.qa.testCases.LeaveTest" name="verifyUrl" time="1.470"/>
  <testcase classname="com.orangHRM.qa.testCases.LeaveTest" name="verifyHeading" time="0.097"/>
  <testcase classname="com.orangHRM.qa.testCases.LeaveTest" name="inputEmployeeName" time="0.193"/>
  <testcase classname="com.orangHRM.qa.testCases.LeaveTest" name="selectLeaveType" time="0.161"/>
  <testcase classname="com.orangHRM.qa.testCases.LeaveTest" name="verifyLeaveBalance" time="0.576"/>
  <testcase classname="com.orangHRM.qa.testCases.LeaveTest" name="pickFromDate" time="0.799"/>
  <testcase classname="com.orangHRM.qa.testCases.LeaveTest" name="pickToDate" time="1.240"/>
  <testcase classname="com.orangHRM.qa.testCases.LeaveTest" name="commentField" time="0.152"/>
  <testcase classname="com.orangHRM.qa.testCases.LeaveTest" name="assignButton" time="26.907"/>
</testsuite> <!-- com.orangHRM.qa.testCases.LeaveTest -->
