<?xml version="1.0" encoding="UTF-8"?>
<!-- Generated by org.testng.reporters.JUnitReportReporter -->
<testsuite hostname="LAPTOP-DGPGCKC7" failures="0" tests="23" name="com.orangHRM.qa.testCases.DashboardTest" time="40.331" errors="0" timestamp="2022-07-21T10:38:26 IST" skipped="0">
  <testcase classname="com.orangHRM.qa.testCases.DashboardTest" name="loginPageTest" time="14.160"/>
  <testcase classname="com.orangHRM.qa.testCases.DashboardTest" name="takeScreenshot" time="0.291"/>
  <testcase classname="com.orangHRM.qa.testCases.DashboardTest" name="verifyAdminLink1" time="0.302"/>
  <testcase classname="com.orangHRM.qa.testCases.DashboardTest" name="verifyPimLink" time="0.148"/>
  <testcase classname="com.orangHRM.qa.testCases.DashboardTest" name="verifyLeaveLink" time="0.360"/>
  <testcase classname="com.orangHRM.qa.testCases.DashboardTest" name="verifyTimeLink" time="0.501"/>
  <testcase classname="com.orangHRM.qa.testCases.DashboardTest" name="verifyRecruitmentLink" time="0.082"/>
  <testcase classname="com.orangHRM.qa.testCases.DashboardTest" name="verifyMyInfoLink" time="0.131"/>
  <testcase classname="com.orangHRM.qa.testCases.DashboardTest" name="verifyPerformanceLink" time="0.092"/>
  <testcase classname="com.orangHRM.qa.testCases.DashboardTest" name="verifyDirectoryLink" time="0.075"/>
  <testcase classname="com.orangHRM.qa.testCases.DashboardTest" name="verifyMaintenanceLink" time="0.073"/>
  <testcase classname="com.orangHRM.qa.testCases.DashboardTest" name="verifyBuzzLink" time="0.071"/>
  <testcase classname="com.orangHRM.qa.testCases.DashboardTest" name="printHeaderlinks" time="0.473"/>
  <testcase classname="com.orangHRM.qa.testCases.DashboardTest" name="verifyDashboardSection" time="0.090"/>
  <testcase classname="com.orangHRM.qa.testCases.DashboardTest" name="quickLaunch" time="0.052"/>
  <testcase classname="com.orangHRM.qa.testCases.DashboardTest" name="verifyImages" time="0.460"/>
  <testcase classname="com.orangHRM.qa.testCases.DashboardTest" name="printimagesName" time="0.423"/>
  <testcase classname="com.orangHRM.qa.testCases.DashboardTest" name="verifyEmpSection" time="0.134"/>
  <testcase classname="com.orangHRM.qa.testCases.DashboardTest" name="verifylegendSection" time="0.682"/>
  <testcase classname="com.orangHRM.qa.testCases.DashboardTest" name="verifypendingRequest" time="0.129"/>
  <testcase classname="com.orangHRM.qa.testCases.DashboardTest" name="verifyassignLeaveUrl" time="14.058"/>
  <testcase classname="com.orangHRM.qa.testCases.DashboardTest" name="verifyLeaveListUrl" time="7.169"/>
  <testcase classname="com.orangHRM.qa.testCases.DashboardTest" name="teardown" time="0.375"/>
</testsuite> <!-- com.orangHRM.qa.testCases.DashboardTest -->
